<?xml version="1.0" encoding="UTF-8"?>
<testsuite name="PersonalAssistantTest" tests="1" skipped="0" failures="0" errors="0" timestamp="2020-07-22T01:12:58" hostname="5CG534162W" time="0.233">
  <properties/>
  <testcase name="start" classname="PersonalAssistantTest" time="0.233"/>
  <system-out><![CDATA[?[1;31m
Start test 1?[0m
Hello! My name is Nonsobot.
I was created in 2020.
Please, remind me your name.
> Marry
What a great name you have, Marry!
Let me guess your age.
Say me remainders of dividing your age by 3, 5 and 7.
> 1 0 5
Your age is 40; that's a good time to start programming!
Now I will prove to you that I can count to any number you want.
> 10
0!
1!
2!
3!
4!
5!
6!
7!
8!
9!
10!
Let's test your programming knowledge.
Why do we use methods?
1. To repeat a statement multiple times.
2. To decompose a program into several small subroutines.
3. To determine the execution time of a program.
4. To interrupt the execution of a program.
> 1
Please, try again.
Congratulations, have a nice day!
]]></system-out>
  <system-err><![CDATA[]]></system-err>
</testsuite>
